<?xml version="1.0" encoding="UTF-8"?>
<!-- Generated by org.testng.reporters.JUnitReportReporter -->
<testsuite hostname="DESKTOP-5G75CIH" failures="0" tests="1" name="com.Practice.TestngTest" time="38.326" errors="0" timestamp="2023-09-06T13:36:32 IST" skipped="0">
  <testcase classname="com.Practice.TestngTest" name="cmdtest" time="38.326"/>
  <system-out/>
</testsuite> <!-- com.Practice.TestngTest -->
