<?xml version="1.0" encoding="UTF-8"?>
<!-- Generated by org.testng.reporters.JUnitReportReporter -->
<testsuite hostname="DESKTOP-5G75CIH" failures="0" tests="2" name="com.testngPractice.DataProviderTest" time="0.014" errors="0" timestamp="2023-09-15T13:00:39 IST" skipped="0">
  <testcase classname="com.testngPractice.DataProviderTest" name="mobTest" time="0.012"/>
  <system-out/>
  <testcase classname="com.testngPractice.DataProviderTest" name="mobTest" time="0.002"/>
  <system-out/>
</testsuite> <!-- com.testngPractice.DataProviderTest -->
