<?xml version="1.0" encoding="UTF-8"?>
<!-- Generated by org.testng.reporters.JUnitReportReporter -->
<testsuite hostname="DESKTOP-5G75CIH" failures="0" tests="1" name="com.testUtility.CreditCustomerTest" time="5.925" errors="0" timestamp="2023-09-21T13:24:57 IST" skipped="0">
  <testcase classname="com.testUtility.CreditCustomerTest" name="creditCustomer" time="5.925"/>
  <system-out>
    <![CDATA[creditCustomer--->Execution start]]>
  </system-out>
</testsuite> <!-- com.testUtility.CreditCustomerTest -->
