<?xml version="1.0" encoding="UTF-8"?>
<!-- Generated by org.testng.reporters.JUnitReportReporter -->
<testsuite hostname="DESKTOP-5G75CIH" failures="0" tests="2" name="com.testngPractice.DPpractice" time="0.022" errors="0" timestamp="2023-09-17T09:52:34 IST" skipped="0">
  <testcase classname="com.testngPractice.DPpractice" name="data" time="0.018"/>
  <system-out/>
  <testcase classname="com.testngPractice.DPpractice" name="data" time="0.004"/>
  <system-out/>
</testsuite> <!-- com.testngPractice.DPpractice -->
