<?xml version="1.0" encoding="UTF-8"?>
<!-- Generated by org.testng.reporters.JUnitReportReporter -->
<testsuite hostname="DESKTOP-5G75CIH" failures="0" tests="4" name="com.testngPractice.OrderOfExcecution" time="0.028" errors="0" timestamp="2023-09-15T17:31:35 IST" skipped="0">
  <testcase classname="com.testngPractice.OrderOfExcecution" name="exe2" time="0.007"/>
  <system-out/>
  <testcase classname="com.testngPractice.OrderOfExcecution" name="test1" time="0.007"/>
  <system-out/>
  <testcase classname="com.testngPractice.OrderOfExcecution" name="test2" time="0.006"/>
  <system-out/>
  <testcase classname="com.testngPractice.OrderOfExcecution" name="exe" time="0.008"/>
  <system-out/>
</testsuite> <!-- com.testngPractice.OrderOfExcecution -->
