<?xml version="1.0" encoding="UTF-8"?>
<!-- Generated by org.testng.reporters.JUnitReportReporter -->
<testsuite hostname="DESKTOP-5G75CIH" failures="0" tests="2" name="com.testngPractice.Dtest" time="0.015" errors="0" timestamp="2023-09-15T17:31:35 IST" skipped="0">
  <testcase classname="com.testngPractice.Dtest" name="exe" time="0.011"/>
  <system-out/>
  <testcase classname="com.testngPractice.Dtest" name="exe2" time="0.004"/>
  <system-out/>
</testsuite> <!-- com.testngPractice.Dtest -->
