<?xml version="1.0" encoding="UTF-8"?>
<!-- Generated by org.testng.reporters.JUnitReportReporter -->
<testsuite hostname="DESKTOP-5G75CIH" failures="0" tests="1" name="com.Practice.ama" time="16.126" errors="0" timestamp="2023-11-03T17:49:49 IST" skipped="0">
  <testcase classname="com.Practice.ama" name="amazon" time="16.126"/>
  <system-out/>
</testsuite> <!-- com.Practice.ama -->
