<?xml version="1.0" encoding="UTF-8"?>
<!-- Generated by org.testng.reporters.JUnitReportReporter -->
<testsuite hostname="DESKTOP-5G75CIH" failures="0" tests="3" name="com.testngPractice.DataFromExcell" time="0.017" errors="0" timestamp="2023-09-17T09:29:44 IST" skipped="0">
  <testcase classname="com.testngPractice.DataFromExcell" name="getdata" time="0.003"/>
  <system-out/>
  <testcase classname="com.testngPractice.DataFromExcell" name="getdata" time="0.009"/>
  <system-out/>
  <testcase classname="com.testngPractice.DataFromExcell" name="getdata" time="0.005"/>
  <system-out/>
</testsuite> <!-- com.testngPractice.DataFromExcell -->
