<?xml version="1.0" encoding="UTF-8"?>
<!-- Generated by org.testng.reporters.JUnitReportReporter -->
<testsuite hostname="DESKTOP-5G75CIH" failures="0" tests="1" name="com.testUtility.FundTransferutilityTest" time="5.538" errors="0" timestamp="2023-09-20T10:51:13 IST" skipped="0">
  <testcase classname="com.testUtility.FundTransferutilityTest" name="fundtransfer" time="5.538"/>
  <system-out/>
</testsuite> <!-- com.testUtility.FundTransferutilityTest -->
