<?xml version="1.0" encoding="UTF-8"?>
<!-- Generated by org.testng.reporters.JUnitReportReporter -->
<testsuite hostname="DESKTOP-5G75CIH" failures="0" tests="2" name="com.testngPractice.DataproviderExe" time="0.013" errors="0" timestamp="2023-09-15T13:30:15 IST" skipped="0">
  <testcase classname="com.testngPractice.DataproviderExe" name="getdata" time="0.011"/>
  <system-out/>
  <testcase classname="com.testngPractice.DataproviderExe" name="getdata" time="0.002"/>
  <system-out/>
</testsuite> <!-- com.testngPractice.DataproviderExe -->
